{"/home/user1/Documents/NodeSonarExample/src/index.js": {"path":"/home/user1/Documents/NodeSonarExample/src/index.js","statementMap":{"0":{"start":{"line":1,"column":17},"end":{"line":1,"column":35}},"1":{"start":{"line":2,"column":13},"end":{"line":2,"column":22}},"2":{"start":{"line":3,"column":14},"end":{"line":3,"column":40}},"3":{"start":{"line":6,"column":1},"end":{"line":8,"column":3}},"4":{"start":{"line":7,"column":5},"end":{"line":7,"column":59}},"5":{"start":{"line":10,"column":13},"end":{"line":12,"column":2}},"6":{"start":{"line":11,"column":5},"end":{"line":11,"column":51}},"7":{"start":{"line":14,"column":5},"end":{"line":14,"column":30}}},"fnMap":{"0":{"name":"(anonymous_0)","decl":{"start":{"line":6,"column":14},"end":{"line":6,"column":15}},"loc":{"start":{"line":6,"column":28},"end":{"line":8,"column":1}},"line":6},"1":{"name":"(anonymous_1)","decl":{"start":{"line":10,"column":30},"end":{"line":10,"column":31}},"loc":{"start":{"line":10,"column":36},"end":{"line":12,"column":1}},"line":10}},"branchMap":{"0":{"loc":{"start":{"line":3,"column":14},"end":{"line":3,"column":40}},"type":"binary-expr","locations":[{"start":{"line":3,"column":14},"end":{"line":3,"column":30}},{"start":{"line":3,"column":36},"end":{"line":3,"column":40}}],"line":3}},"s":{"0":1,"1":1,"2":1,"3":1,"4":1,"5":1,"6":1,"7":1},"f":{"0":1,"1":1},"b":{"0":[1,1]},"_coverageSchema":"1a1c01bbd47fc00a2c39e90264f33305004495a9","hash":"225662d0a5927057a71e0043cb849bfcf9572d10"}
}
